2025-02-03 19:03:19,111 - __main__ - INFO - Generated telemetry data: {'id': 'a3ee69df-7a9d-4522-ab4e-c43896f4f3d9', 'gatewayId': 'RaspberryPi-Serial-12345', 'conductivity': 3.05, 'temperature': 15.1, 'pressure': 3.72, 'timestamp': '2025-02-03T08:03:19.111281'}
2025-02-03 19:03:19,111 - __main__ - INFO - Payload to be sent: {
2025-02-03 19:06:51,793 - __main__ - INFO - Azure IoT client shut down
2025-02-03 19:07:28,513 - __main__ - INFO - Sending telemetry message to Azure IoT Hub
2025-02-03 19:07:28,965 - __main__ - INFO - Telemetry message successfully sent
2025-02-03 19:07:33,967 - __main__ - INFO - Sending telemetry message to Azure IoT Hub
2025-02-03 19:07:34,104 - __main__ - INFO - Telemetry message successfully sent
2025-02-03 19:07:39,106 - __main__ - INFO - Sending telemetry message to Azure IoT Hub
2025-02-03 19:07:39,233 - __main__ - INFO - Telemetry message successfully sent
2025-02-03 19:07:44,234 - __main__ - INFO - Sending telemetry message to Azure IoT Hub
2025-02-03 19:07:44,358 - __main__ - INFO - Telemetry message successfully sent
2025-02-03 19:07:49,359 - __main__ - INFO - Sending telemetry message to Azure IoT Hub
2025-02-03 19:07:49,487 - __main__ - INFO - Telemetry message successfully sent
2025-02-03 19:07:54,489 - __main__ - INFO - Sending telemetry message to Azure IoT Hub
2025-02-03 19:07:54,628 - __main__ - INFO - Telemetry message successfully sent
2025-02-03 19:07:56,510 - __main__ - INFO - Exiting program due to keyboard interrupt...
2025-02-03 19:07:56,512 - __main__ - INFO - Azure IoT client shut down
2025-02-03 19:10:21,386 - __main__ - INFO - Sending telemetry message to Azure IoT Hub
2025-02-03 19:10:21,859 - __main__ - INFO - Telemetry message successfully sent
2025-02-03 19:10:26,861 - __main__ - INFO - Sending telemetry message to Azure IoT Hub
2025-02-03 19:10:27,012 - __main__ - INFO - Telemetry message successfully sent
2025-02-03 19:10:32,014 - __main__ - INFO - Sending telemetry message to Azure IoT Hub
2025-02-03 19:10:32,174 - __main__ - INFO - Telemetry message successfully sent
2025-02-03 19:10:37,176 - __main__ - INFO - Sending telemetry message to Azure IoT Hub
2025-02-03 19:10:37,314 - __main__ - INFO - Telemetry message successfully sent
2025-02-03 19:10:42,316 - __main__ - INFO - Sending telemetry message to Azure IoT Hub
2025-02-03 19:10:42,458 - __main__ - INFO - Telemetry message successfully sent
2025-02-03 19:10:47,460 - __main__ - INFO - Sending telemetry message to Azure IoT Hub
2025-02-03 19:10:47,588 - __main__ - INFO - Telemetry message successfully sent
2025-02-03 19:10:52,590 - __main__ - INFO - Sending telemetry message to Azure IoT Hub
2025-02-03 19:10:52,727 - __main__ - INFO - Telemetry message successfully sent
2025-02-03 19:10:57,729 - __main__ - INFO - Sending telemetry message to Azure IoT Hub
2025-02-03 19:10:57,946 - __main__ - INFO - Telemetry message successfully sent
2025-02-03 19:11:02,947 - __main__ - INFO - Sending telemetry message to Azure IoT Hub
2025-02-03 19:11:03,086 - __main__ - INFO - Telemetry message successfully sent
2025-02-03 19:11:08,088 - __main__ - INFO - Sending telemetry message to Azure IoT Hub
2025-02-03 19:11:08,217 - __main__ - INFO - Telemetry message successfully sent
2025-02-03 19:11:10,190 - __main__ - INFO - Exiting program due to keyboard interrupt...
2025-02-03 19:11:10,193 - __main__ - INFO - Azure IoT client shut down
2025-02-04 06:25:46,063 - __main__ - INFO - Sending telemetry message to Azure IoT Hub
2025-02-04 06:25:46,516 - __main__ - INFO - Telemetry message successfully sent
2025-02-04 06:25:51,527 - __main__ - INFO - Sending telemetry message to Azure IoT Hub
2025-02-04 06:25:51,667 - __main__ - INFO - Telemetry message successfully sent
2025-02-04 06:25:56,669 - __main__ - INFO - Sending telemetry message to Azure IoT Hub
2025-02-04 06:25:56,806 - __main__ - INFO - Telemetry message successfully sent
2025-02-04 06:26:01,808 - __main__ - INFO - Sending telemetry message to Azure IoT Hub
2025-02-04 06:26:01,950 - __main__ - INFO - Telemetry message successfully sent
2025-02-04 06:26:06,952 - __main__ - INFO - Sending telemetry message to Azure IoT Hub
2025-02-04 06:26:07,081 - __main__ - INFO - Telemetry message successfully sent
2025-02-04 06:26:12,083 - __main__ - INFO - Sending telemetry message to Azure IoT Hub
2025-02-04 06:26:12,251 - __main__ - INFO - Telemetry message successfully sent
2025-02-04 06:26:16,108 - __main__ - INFO - Exiting program due to keyboard interrupt...
2025-02-04 06:26:16,120 - __main__ - INFO - Azure IoT client shut down
